14:55:27.087 [main] INFO  - Base URI set to: https://foodqa.infocareerindia.com
14:55:27.205 [main] INFO  - Base URI set to: https://foodqa.infocareerindia.com
14:55:27.206 [main] INFO  - Base Path: /food/api/v1/user/login
14:55:27.214 [main] INFO  - Attempting to login with: {password=1111, phone=9944194693}
14:55:29.540 [main] INFO  - The token is: Bearer eyJhbGciOiJIUzI1NiJ9.eyJzdWIiOiIzIiwiaWQiOjMsInJvbGUiOiJVU0VSIiwicGhvbmUiOjk5NDQxOTQ2OTMsImlhdCI6MTcyODI5MzEyOCwiZXhwIjoxNzI4Mjk0OTI4fQ.AcCUeo7tc79NH_nKb-676H4W3WFCs0eik8AAbKzixQk
14:55:29.541 [main] INFO  - loginUser Test passed : All assertions are successful.
14:55:29.541 [main] INFO  - User logged in
14:55:29.608 [main] INFO  - The response body for Login is : {
    "userId": 3,
    "userName": "ANU",
    "phone": 9944194693,
    "emailId": null,
    "password": "phElbKW8zjIyhpg1pWJmLw==",
    "address": "Chennai",
    "phoneOtp": 729818,
    "emailOtp": 0,
    "phoneVerified": true,
    "emailVerified": false,
    "role": {
        "roleId": 2,
        "roleName": "USER"
    },
    "key": "zfekQwBCoWOWMo/bkvsquzIyUqX8dQ7Jaovo5X6vMYg=",
    "consentChkFlag": false,
    "updatedDateTime": "2024-10-04T13:08:19.323674",
    "location": {
        "locationId": 1,
        "locationName": "OMR",
        "companyName": "IBM",
        "qrCode": "iVBORw0KGgoAAAANSUhEUgAAAMgAAADIAQAAAACFI5MzAAABeElEQVR4Xu2WQW6DUAxEjVj8JUfgJnCxSEHiYslN/hFY/gXCnTENoKZddmglLAUpfhvLM/a3+U9hXxNbXOQijL9BspnV2R/NmK33Af8aNcEPyQ649D66L3JSrBm9mN1zWlhgdxJhWUieRrJVbFEffZITpz7+xKegtjflBCQ8yiQ/7+79fRLBFs0GkV6hJFBlqkMVDCsqw8SKCZ0Z+NZiVKzVE5pjaPGZ21JNYAePaohjQNzTalQUmJjTklAlPVnlo0GV25SoCLb0dHd2x1KQXR8R8djSpYI+Vk31YVPoCBsDPBg8elsbpiUWa6qnPgunZK9NRSKZYM9Vn7JvSxHhc0VfvJZE2j0qIh7/UVHYc1hTUpKjJ6hotm1itSQir/ZcuLm7vTsaklFPzVHBpuDEHnaVivjn7cLu8OmMkBLebx63y6oPDXMCSUjCJjilD3eVktCo2Nd4O/hwqYlTnzhfo0XJGVJiccNWdAg9etxiGvJ9XOQijP9JPgBmqYf3DWElYQAAAABJRU5ErkJggg==",
        "lastUpdatedBy": 2,
        "lastUpdatedDt": "2024-09-11T05:24:38.386043"
    }
}
14:55:29.616 [main] INFO  - [{"quantity":10,"productId":1},{"quantity":5,"productId":2}]
14:55:31.236 [main] INFO  - Validation successful! Company name is: HCL
14:55:32.058 [main] INFO  - {
    "razorpayDetailsId": 276,
    "applicationFee": "6000",
    "razorpayOrderId": "order_P666zm0mSOLWor",
    "notes": "notesorder_P666zm0mSOLWor",
    "theme": "#F37254",
    "secretId": "rzp_test_8xlK20ea4017KA",
    "merchantName": "Test",
    "purchaseDescription": "TEST PURCHASES",
    "customerName": "ANU",
    "customerEmail": null,
    "customerContact": 9944194693,
    "orders": {
        "id": 156,
        "orderId": null,
        "orderAmount": 60.0,
        "gst": null,
        "gstAmount": 0.0,
        "totalAmount": 60.0,
        "address": "Dummy",
        "location": {
            "locationId": 1,
            "locationName": "OMR",
            "companyName": "IBM",
            "qrCode": "iVBORw0KGgoAAAANSUhEUgAAAMgAAADIAQAAAACFI5MzAAABeElEQVR4Xu2WQW6DUAxEjVj8JUfgJnCxSEHiYslN/hFY/gXCnTENoKZddmglLAUpfhvLM/a3+U9hXxNbXOQijL9BspnV2R/NmK33Af8aNcEPyQ649D66L3JSrBm9mN1zWlhgdxJhWUieRrJVbFEffZITpz7+xKegtjflBCQ8yiQ/7+79fRLBFs0GkV6hJFBlqkMVDCsqw8SKCZ0Z+NZiVKzVE5pjaPGZ21JNYAePaohjQNzTalQUmJjTklAlPVnlo0GV25SoCLb0dHd2x1KQXR8R8djSpYI+Vk31YVPoCBsDPBg8elsbpiUWa6qnPgunZK9NRSKZYM9Vn7JvSxHhc0VfvJZE2j0qIh7/UVHYc1hTUpKjJ6hotm1itSQir/ZcuLm7vTsaklFPzVHBpuDEHnaVivjn7cLu8OmMkBLebx63y6oPDXMCSUjCJjilD3eVktCo2Nd4O/hwqYlTnzhfo0XJGVJiccNWdAg9etxiGvJ9XOQijP9JPgBmqYf3DWElYQAAAABJRU5ErkJggg==",
            "lastUpdatedBy": 2,
            "lastUpdatedDt": "2024-09-11T05:24:38.386043"
        },
        "paymentStatus": "PAY_PENDING",
        "userLogin": {
            "userId": 3,
            "userName": "ANU",
            "phone": 9944194693,
            "emailId": null,
            "password": "phElbKW8zjIyhpg1pWJmLw==",
            "address": "Chennai",
            "phoneOtp": 729818,
            "emailOtp": 0,
            "phoneVerified": true,
            "emailVerified": false,
            "role": {
                "roleId": 2,
                "roleName": "USER"
            },
            "key": "zfekQwBCoWOWMo/bkvsquzIyUqX8dQ7Jaovo5X6vMYg=",
            "consentChkFlag": false,
            "updatedDateTime": "2024-10-04T13:08:19.323674",
            "location": {
                "locationId": 1,
                "locationName": "OMR",
                "companyName": "IBM",
                "qrCode": "iVBORw0KGgoAAAANSUhEUgAAAMgAAADIAQAAAACFI5MzAAABeElEQVR4Xu2WQW6DUAxEjVj8JUfgJnCxSEHiYslN/hFY/gXCnTENoKZddmglLAUpfhvLM/a3+U9hXxNbXOQijL9BspnV2R/NmK33Af8aNcEPyQ649D66L3JSrBm9mN1zWlhgdxJhWUieRrJVbFEffZITpz7+xKegtjflBCQ8yiQ/7+79fRLBFs0GkV6hJFBlqkMVDCsqw8SKCZ0Z+NZiVKzVE5pjaPGZ21JNYAePaohjQNzTalQUmJjTklAlPVnlo0GV25SoCLb0dHd2x1KQXR8R8djSpYI+Vk31YVPoCBsDPBg8elsbpiUWa6qnPgunZK9NRSKZYM9Vn7JvSxHhc0VfvJZE2j0qIh7/UVHYc1hTUpKjJ6hotm1itSQir/ZcuLm7vTsaklFPzVHBpuDEHnaVivjn7cLu8OmMkBLebx63y6oPDXMCSUjCJjilD3eVktCo2Nd4O/hwqYlTnzhfo0XJGVJiccNWdAg9etxiGvJ9XOQijP9JPgBmqYf3DWElYQAAAABJRU5ErkJggg==",
                "lastUpdatedBy": 2,
                "lastUpdatedDt": "2024-09-11T05:24:38.386043"
            }
        },
        "orderedDateTime": "2024-09-24T09:36:48.383448",
        "shipped": false,
        "delivered": false,
        "deliveryStatus": {
            "statusId": 1,
            "statusDescription": "Not Yet Dispatched"
        }
    },
    "razorpayDateTime": "2024-10-07T09:25:31.416942264"
}
14:55:32.114 [main] INFO  - notes : notesorder_P666zm0mSOLWor
14:55:32.140 [main] INFO  - The created product is : {
    "razorpayDetailsId": 276,
    "applicationFee": "6000",
    "razorpayOrderId": "order_P666zm0mSOLWor",
    "notes": "notesorder_P666zm0mSOLWor",
    "theme": "#F37254",
    "secretId": "rzp_test_8xlK20ea4017KA",
    "merchantName": "Test",
    "purchaseDescription": "TEST PURCHASES",
    "customerName": "ANU",
    "customerEmail": null,
    "customerContact": 9944194693,
    "orders": {
        "id": 156,
        "orderId": null,
        "orderAmount": 60.0,
        "gst": null,
        "gstAmount": 0.0,
        "totalAmount": 60.0,
        "address": "Dummy",
        "location": {
            "locationId": 1,
            "locationName": "OMR",
            "companyName": "IBM",
            "qrCode": "iVBORw0KGgoAAAANSUhEUgAAAMgAAADIAQAAAACFI5MzAAABeElEQVR4Xu2WQW6DUAxEjVj8JUfgJnCxSEHiYslN/hFY/gXCnTENoKZddmglLAUpfhvLM/a3+U9hXxNbXOQijL9BspnV2R/NmK33Af8aNcEPyQ649D66L3JSrBm9mN1zWlhgdxJhWUieRrJVbFEffZITpz7+xKegtjflBCQ8yiQ/7+79fRLBFs0GkV6hJFBlqkMVDCsqw8SKCZ0Z+NZiVKzVE5pjaPGZ21JNYAePaohjQNzTalQUmJjTklAlPVnlo0GV25SoCLb0dHd2x1KQXR8R8djSpYI+Vk31YVPoCBsDPBg8elsbpiUWa6qnPgunZK9NRSKZYM9Vn7JvSxHhc0VfvJZE2j0qIh7/UVHYc1hTUpKjJ6hotm1itSQir/ZcuLm7vTsaklFPzVHBpuDEHnaVivjn7cLu8OmMkBLebx63y6oPDXMCSUjCJjilD3eVktCo2Nd4O/hwqYlTnzhfo0XJGVJiccNWdAg9etxiGvJ9XOQijP9JPgBmqYf3DWElYQAAAABJRU5ErkJggg==",
            "lastUpdatedBy": 2,
            "lastUpdatedDt": "2024-09-11T05:24:38.386043"
        },
        "paymentStatus": "PAY_PENDING",
        "userLogin": {
            "userId": 3,
            "userName": "ANU",
            "phone": 9944194693,
            "emailId": null,
            "password": "phElbKW8zjIyhpg1pWJmLw==",
            "address": "Chennai",
            "phoneOtp": 729818,
            "emailOtp": 0,
            "phoneVerified": true,
            "emailVerified": false,
            "role": {
                "roleId": 2,
                "roleName": "USER"
            },
            "key": "zfekQwBCoWOWMo/bkvsquzIyUqX8dQ7Jaovo5X6vMYg=",
            "consentChkFlag": false,
            "updatedDateTime": "2024-10-04T13:08:19.323674",
            "location": {
                "locationId": 1,
                "locationName": "OMR",
                "companyName": "IBM",
                "qrCode": "iVBORw0KGgoAAAANSUhEUgAAAMgAAADIAQAAAACFI5MzAAABeElEQVR4Xu2WQW6DUAxEjVj8JUfgJnCxSEHiYslN/hFY/gXCnTENoKZddmglLAUpfhvLM/a3+U9hXxNbXOQijL9BspnV2R/NmK33Af8aNcEPyQ649D66L3JSrBm9mN1zWlhgdxJhWUieRrJVbFEffZITpz7+xKegtjflBCQ8yiQ/7+79fRLBFs0GkV6hJFBlqkMVDCsqw8SKCZ0Z+NZiVKzVE5pjaPGZ21JNYAePaohjQNzTalQUmJjTklAlPVnlo0GV25SoCLb0dHd2x1KQXR8R8djSpYI+Vk31YVPoCBsDPBg8elsbpiUWa6qnPgunZK9NRSKZYM9Vn7JvSxHhc0VfvJZE2j0qIh7/UVHYc1hTUpKjJ6hotm1itSQir/ZcuLm7vTsaklFPzVHBpuDEHnaVivjn7cLu8OmMkBLebx63y6oPDXMCSUjCJjilD3eVktCo2Nd4O/hwqYlTnzhfo0XJGVJiccNWdAg9etxiGvJ9XOQijP9JPgBmqYf3DWElYQAAAABJRU5ErkJggg==",
                "lastUpdatedBy": 2,
                "lastUpdatedDt": "2024-09-11T05:24:38.386043"
            }
        },
        "orderedDateTime": "2024-09-24T09:36:48.383448",
        "shipped": false,
        "delivered": false,
        "deliveryStatus": {
            "statusId": 1,
            "statusDescription": "Not Yet Dispatched"
        }
    },
    "razorpayDateTime": "2024-10-07T09:25:31.416942264"
}
14:55:32.195 [main] INFO  - The order id for the created order is : order_P666zm0mSOLWor
14:55:32.195 [main] INFO  - createOrderRequest Test passed : All assertions are successful.
14:55:32.203 [main] INFO  - Encoded Credentials: cnpwX3Rlc3RfOHhsSzIwZWE0MDE3S0E6RXJRU3RwY3lZOTh6eEdNR3JUQ2xFc2Z5
14:55:32.948 [main] INFO  - {
    "accept_partial": false,
    "amount": 6000,
    "amount_paid": 0,
    "cancelled_at": 0,
    "created_at": 1728293132,
    "currency": "INR",
    "customer": {
        "contact": "9944194693",
        "name": "ANU"
    },
    "description": "",
    "expire_by": 0,
    "expired_at": 0,
    "first_min_partial_amount": 0,
    "id": "plink_P6670dwYLCYA1Z",
    "notes": null,
    "notify": {
        "email": false,
        "sms": false,
        "whatsapp": false
    },
    "payments": null,
    "reference_id": "",
    "reminder_enable": false,
    "reminders": [
        
    ],
    "short_url": "https://rzp.io/rzp/qRf6AJY2",
    "status": "created",
    "updated_at": 1728293132,
    "upi_link": false,
    "user_id": "",
    "whatsapp_link": false
}
14:55:32.949 [main] INFO  - Base URI set to: https://foodqa.infocareerindia.com
14:55:32.950 [main] INFO  - Base Path: /food/api/v1/user/login
14:55:32.951 [main] INFO  - Attempting to login with: {password=1111, phone=9944194693}
14:55:33.115 [main] INFO  - The token is: Bearer eyJhbGciOiJIUzI1NiJ9.eyJzdWIiOiIzIiwiaWQiOjMsInJvbGUiOiJVU0VSIiwicGhvbmUiOjk5NDQxOTQ2OTMsImlhdCI6MTcyODI5MzEzMiwiZXhwIjoxNzI4Mjk0OTMyfQ.ieOAHRXZzyHu5ObG0OgvIOgPGTYo6TEYAgWYk0yGfTY
14:55:33.115 [main] INFO  - loginUser Test passed : All assertions are successful.
14:55:33.115 [main] INFO  - User logged in
14:55:33.116 [main] INFO  - The response body for Login is : {
    "userId": 3,
    "userName": "ANU",
    "phone": 9944194693,
    "emailId": null,
    "password": "phElbKW8zjIyhpg1pWJmLw==",
    "address": "Chennai",
    "phoneOtp": 729818,
    "emailOtp": 0,
    "phoneVerified": true,
    "emailVerified": false,
    "role": {
        "roleId": 2,
        "roleName": "USER"
    },
    "key": "zfekQwBCoWOWMo/bkvsquzIyUqX8dQ7Jaovo5X6vMYg=",
    "consentChkFlag": false,
    "updatedDateTime": "2024-10-04T13:08:19.323674",
    "location": {
        "locationId": 1,
        "locationName": "OMR",
        "companyName": "IBM",
        "qrCode": "iVBORw0KGgoAAAANSUhEUgAAAMgAAADIAQAAAACFI5MzAAABeElEQVR4Xu2WQW6DUAxEjVj8JUfgJnCxSEHiYslN/hFY/gXCnTENoKZddmglLAUpfhvLM/a3+U9hXxNbXOQijL9BspnV2R/NmK33Af8aNcEPyQ649D66L3JSrBm9mN1zWlhgdxJhWUieRrJVbFEffZITpz7+xKegtjflBCQ8yiQ/7+79fRLBFs0GkV6hJFBlqkMVDCsqw8SKCZ0Z+NZiVKzVE5pjaPGZ21JNYAePaohjQNzTalQUmJjTklAlPVnlo0GV25SoCLb0dHd2x1KQXR8R8djSpYI+Vk31YVPoCBsDPBg8elsbpiUWa6qnPgunZK9NRSKZYM9Vn7JvSxHhc0VfvJZE2j0qIh7/UVHYc1hTUpKjJ6hotm1itSQir/ZcuLm7vTsaklFPzVHBpuDEHnaVivjn7cLu8OmMkBLebx63y6oPDXMCSUjCJjilD3eVktCo2Nd4O/hwqYlTnzhfo0XJGVJiccNWdAg9etxiGvJ9XOQijP9JPgBmqYf3DWElYQAAAABJRU5ErkJggg==",
        "lastUpdatedBy": 2,
        "lastUpdatedDt": "2024-09-11T05:24:38.386043"
    }
}
14:55:33.117 [main] INFO  - [{"quantity":10,"productId":1},{"quantity":5,"productId":2}]
14:55:33.444 [main] INFO  - Validation successful! Company name is: HCL
14:55:33.664 [main] INFO  - {
    "razorpayDetailsId": 277,
    "applicationFee": "6000",
    "razorpayOrderId": "order_P6671aY2dFWzmb",
    "notes": "notesorder_P6671aY2dFWzmb",
    "theme": "#F37254",
    "secretId": "rzp_test_8xlK20ea4017KA",
    "merchantName": "Test",
    "purchaseDescription": "TEST PURCHASES",
    "customerName": "ANU",
    "customerEmail": null,
    "customerContact": 9944194693,
    "orders": {
        "id": 156,
        "orderId": null,
        "orderAmount": 60.0,
        "gst": null,
        "gstAmount": 0.0,
        "totalAmount": 60.0,
        "address": "Dummy",
        "location": {
            "locationId": 1,
            "locationName": "OMR",
            "companyName": "IBM",
            "qrCode": "iVBORw0KGgoAAAANSUhEUgAAAMgAAADIAQAAAACFI5MzAAABeElEQVR4Xu2WQW6DUAxEjVj8JUfgJnCxSEHiYslN/hFY/gXCnTENoKZddmglLAUpfhvLM/a3+U9hXxNbXOQijL9BspnV2R/NmK33Af8aNcEPyQ649D66L3JSrBm9mN1zWlhgdxJhWUieRrJVbFEffZITpz7+xKegtjflBCQ8yiQ/7+79fRLBFs0GkV6hJFBlqkMVDCsqw8SKCZ0Z+NZiVKzVE5pjaPGZ21JNYAePaohjQNzTalQUmJjTklAlPVnlo0GV25SoCLb0dHd2x1KQXR8R8djSpYI+Vk31YVPoCBsDPBg8elsbpiUWa6qnPgunZK9NRSKZYM9Vn7JvSxHhc0VfvJZE2j0qIh7/UVHYc1hTUpKjJ6hotm1itSQir/ZcuLm7vTsaklFPzVHBpuDEHnaVivjn7cLu8OmMkBLebx63y6oPDXMCSUjCJjilD3eVktCo2Nd4O/hwqYlTnzhfo0XJGVJiccNWdAg9etxiGvJ9XOQijP9JPgBmqYf3DWElYQAAAABJRU5ErkJggg==",
            "lastUpdatedBy": 2,
            "lastUpdatedDt": "2024-09-11T05:24:38.386043"
        },
        "paymentStatus": "PAY_PENDING",
        "userLogin": {
            "userId": 3,
            "userName": "ANU",
            "phone": 9944194693,
            "emailId": null,
            "password": "phElbKW8zjIyhpg1pWJmLw==",
            "address": "Chennai",
            "phoneOtp": 729818,
            "emailOtp": 0,
            "phoneVerified": true,
            "emailVerified": false,
            "role": {
                "roleId": 2,
                "roleName": "USER"
            },
            "key": "zfekQwBCoWOWMo/bkvsquzIyUqX8dQ7Jaovo5X6vMYg=",
            "consentChkFlag": false,
            "updatedDateTime": "2024-10-04T13:08:19.323674",
            "location": {
                "locationId": 1,
                "locationName": "OMR",
                "companyName": "IBM",
                "qrCode": "iVBORw0KGgoAAAANSUhEUgAAAMgAAADIAQAAAACFI5MzAAABeElEQVR4Xu2WQW6DUAxEjVj8JUfgJnCxSEHiYslN/hFY/gXCnTENoKZddmglLAUpfhvLM/a3+U9hXxNbXOQijL9BspnV2R/NmK33Af8aNcEPyQ649D66L3JSrBm9mN1zWlhgdxJhWUieRrJVbFEffZITpz7+xKegtjflBCQ8yiQ/7+79fRLBFs0GkV6hJFBlqkMVDCsqw8SKCZ0Z+NZiVKzVE5pjaPGZ21JNYAePaohjQNzTalQUmJjTklAlPVnlo0GV25SoCLb0dHd2x1KQXR8R8djSpYI+Vk31YVPoCBsDPBg8elsbpiUWa6qnPgunZK9NRSKZYM9Vn7JvSxHhc0VfvJZE2j0qIh7/UVHYc1hTUpKjJ6hotm1itSQir/ZcuLm7vTsaklFPzVHBpuDEHnaVivjn7cLu8OmMkBLebx63y6oPDXMCSUjCJjilD3eVktCo2Nd4O/hwqYlTnzhfo0XJGVJiccNWdAg9etxiGvJ9XOQijP9JPgBmqYf3DWElYQAAAABJRU5ErkJggg==",
                "lastUpdatedBy": 2,
                "lastUpdatedDt": "2024-09-11T05:24:38.386043"
            }
        },
        "orderedDateTime": "2024-09-24T09:36:48.383448",
        "shipped": false,
        "delivered": false,
        "deliveryStatus": {
            "statusId": 1,
            "statusDescription": "Not Yet Dispatched"
        }
    },
    "razorpayDateTime": "2024-10-07T09:25:33.04533833"
}
14:55:33.701 [main] INFO  - notes : notesorder_P6671aY2dFWzmb
14:55:33.703 [main] INFO  - The created product is : {
    "razorpayDetailsId": 277,
    "applicationFee": "6000",
    "razorpayOrderId": "order_P6671aY2dFWzmb",
    "notes": "notesorder_P6671aY2dFWzmb",
    "theme": "#F37254",
    "secretId": "rzp_test_8xlK20ea4017KA",
    "merchantName": "Test",
    "purchaseDescription": "TEST PURCHASES",
    "customerName": "ANU",
    "customerEmail": null,
    "customerContact": 9944194693,
    "orders": {
        "id": 156,
        "orderId": null,
        "orderAmount": 60.0,
        "gst": null,
        "gstAmount": 0.0,
        "totalAmount": 60.0,
        "address": "Dummy",
        "location": {
            "locationId": 1,
            "locationName": "OMR",
            "companyName": "IBM",
            "qrCode": "iVBORw0KGgoAAAANSUhEUgAAAMgAAADIAQAAAACFI5MzAAABeElEQVR4Xu2WQW6DUAxEjVj8JUfgJnCxSEHiYslN/hFY/gXCnTENoKZddmglLAUpfhvLM/a3+U9hXxNbXOQijL9BspnV2R/NmK33Af8aNcEPyQ649D66L3JSrBm9mN1zWlhgdxJhWUieRrJVbFEffZITpz7+xKegtjflBCQ8yiQ/7+79fRLBFs0GkV6hJFBlqkMVDCsqw8SKCZ0Z+NZiVKzVE5pjaPGZ21JNYAePaohjQNzTalQUmJjTklAlPVnlo0GV25SoCLb0dHd2x1KQXR8R8djSpYI+Vk31YVPoCBsDPBg8elsbpiUWa6qnPgunZK9NRSKZYM9Vn7JvSxHhc0VfvJZE2j0qIh7/UVHYc1hTUpKjJ6hotm1itSQir/ZcuLm7vTsaklFPzVHBpuDEHnaVivjn7cLu8OmMkBLebx63y6oPDXMCSUjCJjilD3eVktCo2Nd4O/hwqYlTnzhfo0XJGVJiccNWdAg9etxiGvJ9XOQijP9JPgBmqYf3DWElYQAAAABJRU5ErkJggg==",
            "lastUpdatedBy": 2,
            "lastUpdatedDt": "2024-09-11T05:24:38.386043"
        },
        "paymentStatus": "PAY_PENDING",
        "userLogin": {
            "userId": 3,
            "userName": "ANU",
            "phone": 9944194693,
            "emailId": null,
            "password": "phElbKW8zjIyhpg1pWJmLw==",
            "address": "Chennai",
            "phoneOtp": 729818,
            "emailOtp": 0,
            "phoneVerified": true,
            "emailVerified": false,
            "role": {
                "roleId": 2,
                "roleName": "USER"
            },
            "key": "zfekQwBCoWOWMo/bkvsquzIyUqX8dQ7Jaovo5X6vMYg=",
            "consentChkFlag": false,
            "updatedDateTime": "2024-10-04T13:08:19.323674",
            "location": {
                "locationId": 1,
                "locationName": "OMR",
                "companyName": "IBM",
                "qrCode": "iVBORw0KGgoAAAANSUhEUgAAAMgAAADIAQAAAACFI5MzAAABeElEQVR4Xu2WQW6DUAxEjVj8JUfgJnCxSEHiYslN/hFY/gXCnTENoKZddmglLAUpfhvLM/a3+U9hXxNbXOQijL9BspnV2R/NmK33Af8aNcEPyQ649D66L3JSrBm9mN1zWlhgdxJhWUieRrJVbFEffZITpz7+xKegtjflBCQ8yiQ/7+79fRLBFs0GkV6hJFBlqkMVDCsqw8SKCZ0Z+NZiVKzVE5pjaPGZ21JNYAePaohjQNzTalQUmJjTklAlPVnlo0GV25SoCLb0dHd2x1KQXR8R8djSpYI+Vk31YVPoCBsDPBg8elsbpiUWa6qnPgunZK9NRSKZYM9Vn7JvSxHhc0VfvJZE2j0qIh7/UVHYc1hTUpKjJ6hotm1itSQir/ZcuLm7vTsaklFPzVHBpuDEHnaVivjn7cLu8OmMkBLebx63y6oPDXMCSUjCJjilD3eVktCo2Nd4O/hwqYlTnzhfo0XJGVJiccNWdAg9etxiGvJ9XOQijP9JPgBmqYf3DWElYQAAAABJRU5ErkJggg==",
                "lastUpdatedBy": 2,
                "lastUpdatedDt": "2024-09-11T05:24:38.386043"
            }
        },
        "orderedDateTime": "2024-09-24T09:36:48.383448",
        "shipped": false,
        "delivered": false,
        "deliveryStatus": {
            "statusId": 1,
            "statusDescription": "Not Yet Dispatched"
        }
    },
    "razorpayDateTime": "2024-10-07T09:25:33.04533833"
}
14:55:33.719 [main] INFO  - The order id for the created order is : order_P6671aY2dFWzmb
14:55:33.720 [main] INFO  - createOrderRequest Test passed : All assertions are successful.
14:55:33.720 [main] INFO  - Encoded Credentials: cnpwX3Rlc3RfOHhsSzIwZWE0MDE3S0E6RXJRU3RwY3lZOTh6eEdNR3JUQ2xFc2Z5
14:55:34.368 [main] INFO  - {
    "accept_partial": false,
    "amount": 6000,
    "amount_paid": 0,
    "cancelled_at": 0,
    "created_at": 1728293133,
    "currency": "INR",
    "customer": {
        "contact": "9944194693",
        "name": "ANU"
    },
    "description": "",
    "expire_by": 0,
    "expired_at": 0,
    "first_min_partial_amount": 0,
    "id": "plink_P6672E2OIt9kzC",
    "notes": null,
    "notify": {
        "email": false,
        "sms": false,
        "whatsapp": false
    },
    "payments": null,
    "reference_id": "",
    "reminder_enable": false,
    "reminders": [
        
    ],
    "short_url": "https://rzp.io/rzp/Zqwxjqgf",
    "status": "created",
    "updated_at": 1728293133,
    "upi_link": false,
    "user_id": "",
    "whatsapp_link": false
}
